2026-04-22T00:14:39.426Z [INFO ] GET /api/profiles 304 2ms pid=-
2026-04-22T00:14:39.438Z [INFO ] GET /api/supplements 400 2ms pid=-
2026-04-22T00:14:39.442Z [INFO ] GET /thumbs/1775980314274_owdii0c1hea.png 304 2ms pid=-
2026-04-22T00:14:39.452Z [INFO ] GET /api/profiles 304 2ms pid=-
2026-04-22T00:14:39.454Z [INFO ] GET /thumbs/1776804970517_ihqvt83h7lb.jpg 304 3ms pid=-
2026-04-22T00:14:39.471Z [INFO ] GET /api/settings 304 2ms pid=eugene_1774743355860
2026-04-22T00:14:39.485Z [INFO ] GET /api/supplements 200 1ms pid=eugene_1774743355860
2026-04-22T00:14:42.819Z [INFO ] GET /api/library 200 58ms pid=eugene_1774743355860
2026-04-22T00:14:42.968Z [INFO ] GET /thumbs/1774748268861_bhf6eh8zjee.png 200 62ms pid=-
2026-04-22T00:14:42.985Z [INFO ] GET /thumbs/1774822328673_7ds3zwr063y.jpg 200 79ms pid=-
2026-04-22T00:14:43.019Z [INFO ] GET /thumbs/1774748562779_4krmnxt9rhg.jpg 200 113ms pid=-
2026-04-22T00:14:43.085Z [INFO ] GET /thumbs/1774898075631_hmk9eestuh.jpg 200 12ms pid=-
2026-04-22T00:14:43.104Z [INFO ] GET /thumbs/1775030473741_1s1b9geqi9v.png 200 189ms pid=-
2026-04-22T00:14:43.135Z [INFO ] GET /thumbs/1774766018659_4mc2cotmzf9.png 200 229ms pid=-
2026-04-22T00:14:43.153Z [INFO ] GET /thumbs/1775030430615_p8kekrmwd1.png 200 81ms pid=-
2026-04-22T00:14:43.187Z [INFO ] GET /thumbs/1775029606943_81plvekryt5.png 200 13ms pid=-
2026-04-22T00:14:43.301Z [INFO ] GET /thumbs/1775030976423_x44bmgnclhc.png 200 14ms pid=-
2026-04-22T00:14:43.306Z [INFO ] GET /thumbs/1775029731106_yg0vz2ytrv.png 200 20ms pid=-
2026-04-22T00:14:43.330Z [INFO ] GET /thumbs/1775030559255_ou1z2s5ijk9.png 200 106ms pid=-
2026-04-22T00:14:43.339Z [INFO ] GET /thumbs/1775029501265_z6vyywsnyc7.png 200 10ms pid=-
2026-04-22T00:14:43.389Z [INFO ] GET /thumbs/1776810324950_i34cty4mi0j.jpg 200 332ms pid=-
2026-04-22T00:14:43.462Z [INFO ] GET /thumbs/1775029537802_7c4tfpt1o93.png 200 11ms pid=-
2026-04-22T00:14:43.481Z [INFO ] GET /thumbs/1774849962804_rnuubufm5cg.png 200 568ms pid=-
2026-04-22T00:14:43.532Z [INFO ] GET /thumbs/1775029390274_grp8cki7ti.png 200 14ms pid=-
2026-04-22T00:14:43.638Z [INFO ] GET /thumbs/1775063960631_jdt18ekn2ke.png 200 6ms pid=-
2026-04-22T00:14:43.639Z [INFO ] GET /thumbs/1775063697194_9n5g9kbzqis.png 200 22ms pid=-
2026-04-22T00:14:43.715Z [INFO ] GET /thumbs/1775065182132_3d7tcv41zcf.png 200 21ms pid=-
2026-04-22T00:14:43.759Z [INFO ] GET /thumbs/1775182176733_wjqc2uion1o.png 200 12ms pid=-
2026-04-22T00:14:43.760Z [INFO ] GET /thumbs/1775181463015_jti35ij5p1j.png 200 13ms pid=-
2026-04-22T00:14:43.761Z [INFO ] GET /thumbs/1775181604590_shlgb65dtf.png 200 15ms pid=-
2026-04-22T00:14:43.847Z [INFO ] GET /thumbs/1775250054440_wha8qksb3f.jpg 200 99ms pid=-
2026-04-22T00:14:43.901Z [INFO ] GET /thumbs/1775279702451_hns4emr51fg.jpg 200 10ms pid=-
2026-04-22T00:14:43.908Z [INFO ] GET /thumbs/1775282309383_3i1bqfrhz87.jpg 200 17ms pid=-
2026-04-22T00:14:43.982Z [INFO ] GET /thumbs/1775541537606_1m9hdtf9ueo.jpg 200 8ms pid=-
2026-04-22T00:14:44.015Z [INFO ] GET /thumbs/1775541744234_bt1zmv9tdo4.jpg 200 1ms pid=-
2026-04-22T00:14:44.020Z [INFO ] GET /thumbs/1776671652810_d7lpwfyk3cc.png 200 3ms pid=-
2026-04-22T00:14:44.067Z [INFO ] GET /thumbs/1775979451056_tqc1cpke4st.png 200 198ms pid=-
2026-04-22T00:14:44.084Z [INFO ] GET /thumbs/1775543177278_tgimw90hapg.jpg 200 6ms pid=-
2026-04-22T00:14:44.141Z [INFO ] GET /thumbs/1775544005744_f2e77rudep.jpg 200 6ms pid=-
2026-04-22T00:14:44.162Z [INFO ] GET /thumbs/1775979728420_y12io2ej1c.png 200 19ms pid=-
2026-04-22T00:14:44.219Z [INFO ] GET /thumbs/1775545328136_dqnq88wwysl.jpg 200 5ms pid=-
2026-04-22T00:14:44.265Z [INFO ] GET /thumbs/1775979589517_glunf2akmr7.png 200 13ms pid=-
2026-04-22T00:14:44.317Z [INFO ] GET /thumbs/1775545947250_xzlnrpak8l.jpg 200 14ms pid=-
2026-04-22T00:14:44.469Z [INFO ] GET /thumbs/1775545990846_cklvch6g91o.jpg 200 87ms pid=-
2026-04-22T00:14:44.509Z [INFO ] GET /thumbs/1775288006284_4256zykstj3.jpg 200 578ms pid=-
2026-04-22T00:14:44.545Z [INFO ] GET /thumbs/1775548139564_6gwl0j9a587.jpg 200 132ms pid=-
2026-04-22T00:14:44.576Z [INFO ] GET /thumbs/1775629907219_5cjx6uonkwx.jpg 200 2ms pid=-
2026-04-22T00:14:44.633Z [INFO ] GET /thumbs/1776671968358_hgwfvpqiyph.png 200 14ms pid=-
2026-04-22T00:14:44.642Z [INFO ] GET /thumbs/1775631924740_z2py02qwc9q.jpg 200 12ms pid=-
2026-04-22T00:14:44.644Z [INFO ] GET /thumbs/1775631440043_w1lq8m7nctk.jpg 200 22ms pid=-
2026-04-22T00:14:44.703Z [INFO ] GET /thumbs/1775803295661_wfwqd2eeb.jpg 200 5ms pid=-
2026-04-22T00:14:44.741Z [INFO ] GET /thumbs/1775803398625_5zbbz1jzrfv.jpg 200 11ms pid=-
2026-04-22T00:14:44.822Z [INFO ] GET /thumbs/1775884192264_u9f3ykg5dti.jpg 200 62ms pid=-
2026-04-22T00:14:44.928Z [INFO ] GET /thumbs/1775885349951_4txnyps4hkr.jpg 200 34ms pid=-
2026-04-22T00:14:44.943Z [INFO ] GET /thumbs/1775979512066_821kwer8j9o.png 200 2ms pid=-
2026-04-22T00:14:45.022Z [INFO ] GET /thumbs/1775971089580_en53gl0x11q.webp 200 7ms pid=-
2026-04-22T00:14:45.053Z [INFO ] GET /thumbs/1775974787242_9m4j1owkh8.jpg 200 8ms pid=-
2026-04-22T00:14:45.103Z [INFO ] GET /thumbs/1775974079130_logdjpmahmd.jpg 200 19ms pid=-
2026-04-22T00:14:45.104Z [INFO ] GET /thumbs/1775976931667_uuywdk4dck.jpg 200 1ms pid=-
2026-04-22T00:14:45.124Z [INFO ] GET /thumbs/1775978079006_9x17o8l5y79.jpg 200 1ms pid=-
2026-04-22T00:14:45.329Z [INFO ] GET /thumbs/1776039382273_u7sqzeip6x.png 200 167ms pid=-
2026-04-22T00:14:45.388Z [INFO ] GET /thumbs/1776671411826_2ypdlzdwlzh.png 200 5ms pid=-
2026-04-22T00:14:45.429Z [INFO ] GET /thumbs/1776670497721_ea9iyvigxsj.png 200 9ms pid=-
2026-04-22T00:14:45.458Z [INFO ] GET /thumbs/1776110198502_4hv1gpoeftd.webp 200 4ms pid=-
2026-04-22T00:14:45.490Z [INFO ] GET /thumbs/1776145877082_i478wxsiqk9.jpg 200 12ms pid=-
2026-04-22T00:14:45.556Z [INFO ] GET /thumbs/1776671157367_zfdlqbblzfp.jpg 200 9ms pid=-
2026-04-22T00:14:45.662Z [INFO ] GET /thumbs/1776236916197_ezb3q6oulgb.jpg 200 60ms pid=-
2026-04-22T00:14:45.777Z [INFO ] GET /thumbs/1776318699426_7ihtclrbd2t.png 200 32ms pid=-
2026-04-22T00:14:45.871Z [INFO ] GET /thumbs/1776462195139_6gg025hew6e.jpg 200 6ms pid=-
2026-04-22T00:14:45.906Z [INFO ] GET /thumbs/1776462505869_9jwng8vk5kg.jpg 200 18ms pid=-
2026-04-22T00:14:46.042Z [INFO ] GET /thumbs/1776462802176_dc26utr5mww.jpg 200 48ms pid=-
2026-04-22T00:14:46.117Z [INFO ] GET /thumbs/1776670749611_r8d32p7evyg.webp 200 5ms pid=-
2026-04-22T00:14:46.225Z [INFO ] GET /thumbs/1776464094203_61iq75zfu0y.jpg 200 82ms pid=-
2026-04-22T00:14:46.310Z [INFO ] GET /thumbs/1776464298011_s2kpxdx3ad.jpg 200 5ms pid=-
2026-04-22T00:14:46.333Z [INFO ] GET /thumbs/1776465270575_b91umfknkpq.jpg 200 6ms pid=-
2026-04-22T00:14:46.456Z [INFO ] GET /thumbs/1776465484855_brr5ytqbt8j.jpg 200 105ms pid=-
2026-04-22T00:14:46.521Z [INFO ] GET /thumbs/1776644826436_hbgn0yhoc2c.png 200 6ms pid=-
2026-04-22T00:14:46.565Z [INFO ] GET /thumbs/1776670386270_qafgekinkpn.png 200 10ms pid=-
2026-04-22T00:14:46.609Z [INFO ] GET /thumbs/1776061447590_96cvqe9pav.png 200 1354ms pid=-
2026-04-22T00:14:46.626Z [INFO ] GET /thumbs/1776670228450_p6eas4bsb8.png 200 28ms pid=-
2026-04-22T00:14:46.702Z [INFO ] GET /thumbs/1776670126618_vmqpdbus2c9.png 200 10ms pid=-
2026-04-22T00:14:46.761Z [INFO ] GET /thumbs/1776669607042_1roalhzi8mc.png 200 11ms pid=-
2026-04-22T00:14:46.932Z [INFO ] GET /thumbs/1776814773304_e9thij4lmnl.jpg 200 8ms pid=-
2026-04-22T00:14:46.977Z [INFO ] GET /thumbs/1776061157311_1v7tze1k4tw.png 200 1694ms pid=-
2026-04-22T00:14:47.013Z [INFO ] GET /thumbs/1775883992094_dwsokcr6o29.jpg 200 2196ms pid=-
2026-04-22T00:14:47.053Z [INFO ] GET /thumbs/1776712410726_5ilr0e5ngl.jpg 200 237ms pid=-
2026-04-22T00:15:13.802Z [INFO ] Photo analysis completed in 9422ms: Kombucha Tea Beverage
2026-04-22T00:15:13.809Z [INFO ] POST /api/analyze 200 9556ms pid=-
2026-04-22T00:15:40.289Z [INFO ] Meal logged: Kombucha Tea Beverage on 2026-04-21
2026-04-22T00:15:40.291Z [INFO ] POST /api/meals 200 8ms pid=eugene_1774743355860
2026-04-22T00:16:01.633Z [INFO ] Library entry saved: Kombucha Tea Beverage (lib_1776816961625)
2026-04-22T00:16:01.634Z [INFO ] POST /api/library 200 11ms pid=eugene_1774743355860
2026-04-22T00:16:06.579Z [INFO ] GET /api/summary/2026-04-21 200 55ms pid=eugene_1774743355860
2026-04-22T00:16:06.582Z [INFO ] GET /api/supplog/2026-04-21/totals 200 1ms pid=eugene_1774743355860
2026-04-22T00:16:06.582Z [INFO ] GET /api/supplog/2026-04-21 200 1ms pid=eugene_1774743355860
2026-04-22T00:16:06.619Z [INFO ] GET /api/supplements 304 0ms pid=eugene_1774743355860
2026-04-22T00:16:06.701Z [INFO ] GET /thumbs/1776816913803_fp47askti7c.jpg 200 90ms pid=-
2026-04-22T00:16:20.076Z [INFO ] DELETE /api/meals/1776816940283 200 20ms pid=eugene_1774743355860
2026-04-22T00:16:20.151Z [INFO ] GET /api/summary/2026-04-21 200 60ms pid=eugene_1774743355860
2026-04-22T00:16:20.154Z [INFO ] GET /api/supplog/2026-04-21 304 1ms pid=eugene_1774743355860
2026-04-22T00:16:20.155Z [INFO ] GET /api/supplog/2026-04-21/totals 304 1ms pid=eugene_1774743355860
2026-04-22T00:16:20.191Z [INFO ] GET /api/supplements 304 1ms pid=eugene_1774743355860
2026-04-22T00:16:22.648Z [INFO ] GET /api/library 200 47ms pid=eugene_1774743355860
2026-04-22T00:16:22.757Z [INFO ] GET /thumbs/1776816913803_fp47askti7c.jpg 304 3ms pid=-
2026-04-22T00:16:31.737Z [INFO ] POST /api/library/lib_1776816961625/photo 200 107ms pid=eugene_1774743355860
2026-04-22T00:16:31.858Z [INFO ] GET /thumbs/1776816991728_qrstfachf.jpg?t=1776816992101 200 101ms pid=-
2026-04-22T00:16:47.132Z [INFO ] POST /api/library/lib_1776816961625/log 200 12ms pid=eugene_1774743355860
2026-04-22T00:17:41.210Z [INFO ] POST /api/library/lib_1776654896249/log 200 13ms pid=eugene_1774743355860
2026-04-22T00:17:49.157Z [INFO ] GET /thumbs/1774748268861_bhf6eh8zjee.png 304 3ms pid=-
2026-04-22T00:17:49.159Z [INFO ] GET /thumbs/1774766018659_4mc2cotmzf9.png 304 4ms pid=-
2026-04-22T00:17:49.160Z [INFO ] GET /thumbs/1774822328673_7ds3zwr063y.jpg 304 3ms pid=-
2026-04-22T00:17:49.162Z [INFO ] GET /thumbs/1775030430615_p8kekrmwd1.png 304 2ms pid=-
2026-04-22T00:17:49.163Z [INFO ] GET /thumbs/1775029731106_yg0vz2ytrv.png 304 2ms pid=-
2026-04-22T00:17:49.163Z [INFO ] GET /thumbs/1775029537802_7c4tfpt1o93.png 304 1ms pid=-
2026-04-22T00:17:49.168Z [INFO ] GET /thumbs/1775182176733_wjqc2uion1o.png 304 1ms pid=-
2026-04-22T00:17:49.196Z [INFO ] GET /thumbs/1775979451056_tqc1cpke4st.png 304 1ms pid=-
2026-04-22T00:17:49.196Z [INFO ] GET /thumbs/1775541537606_1m9hdtf9ueo.jpg 304 1ms pid=-
2026-04-22T00:17:49.198Z [INFO ] GET /thumbs/1775279702451_hns4emr51fg.jpg 304 1ms pid=-
2026-04-22T00:17:49.199Z [INFO ] GET /thumbs/1775288006284_4256zykstj3.jpg 304 2ms pid=-
2026-04-22T00:17:49.199Z [INFO ] GET /thumbs/1775541744234_bt1zmv9tdo4.jpg 304 1ms pid=-
2026-04-22T00:17:49.204Z [INFO ] GET /thumbs/1776671652810_d7lpwfyk3cc.png 304 1ms pid=-
2026-04-22T00:17:49.228Z [INFO ] GET /thumbs/1775543177278_tgimw90hapg.jpg 304 1ms pid=-
2026-04-22T00:17:49.229Z [INFO ] GET /thumbs/1775629907219_5cjx6uonkwx.jpg 304 2ms pid=-
2026-04-22T00:17:49.231Z [INFO ] GET /thumbs/1775631440043_w1lq8m7nctk.jpg 304 1ms pid=-
2026-04-22T00:17:49.232Z [INFO ] GET /thumbs/1775631924740_z2py02qwc9q.jpg 304 2ms pid=-
2026-04-22T00:17:49.235Z [INFO ] GET /thumbs/1775803295661_wfwqd2eeb.jpg 304 0ms pid=-
2026-04-22T00:17:49.243Z [INFO ] GET /thumbs/1775974787242_9m4j1owkh8.jpg 304 0ms pid=-
2026-04-22T00:17:49.261Z [INFO ] GET /thumbs/1775974079130_logdjpmahmd.jpg 304 3ms pid=-
2026-04-22T00:17:49.268Z [INFO ] GET /thumbs/1776061157311_1v7tze1k4tw.png 304 9ms pid=-
2026-04-22T00:17:49.269Z [INFO ] GET /thumbs/1776110198502_4hv1gpoeftd.webp 304 10ms pid=-
2026-04-22T00:17:49.269Z [INFO ] GET /thumbs/1776145877082_i478wxsiqk9.jpg 304 9ms pid=-
2026-04-22T00:17:49.272Z [INFO ] GET /thumbs/1776671157367_zfdlqbblzfp.jpg 304 12ms pid=-
2026-04-22T00:17:49.272Z [INFO ] GET /thumbs/1776236916197_ezb3q6oulgb.jpg 304 12ms pid=-
2026-04-22T00:17:49.277Z [INFO ] GET /thumbs/1776318699426_7ihtclrbd2t.png 304 1ms pid=-
2026-04-22T00:17:49.279Z [INFO ] GET /thumbs/1776462505869_9jwng8vk5kg.jpg 304 1ms pid=-
2026-04-22T00:17:49.286Z [INFO ] GET /thumbs/1776462802176_dc26utr5mww.jpg 304 1ms pid=-
2026-04-22T00:17:49.292Z [INFO ] GET /thumbs/1776464094203_61iq75zfu0y.jpg 304 1ms pid=-
2026-04-22T00:17:49.296Z [INFO ] GET /thumbs/1776465484855_brr5ytqbt8j.jpg 304 0ms pid=-
2026-04-22T00:17:49.304Z [INFO ] GET /thumbs/1776644826436_hbgn0yhoc2c.png 304 1ms pid=-
2026-04-22T00:17:49.305Z [INFO ] GET /thumbs/1776670386270_qafgekinkpn.png 304 1ms pid=-
2026-04-22T00:17:49.308Z [INFO ] GET /thumbs/1776670228450_p6eas4bsb8.png 304 1ms pid=-
2026-04-22T00:17:49.310Z [INFO ] GET /thumbs/1776712410726_5ilr0e5ngl.jpg 304 0ms pid=-
2026-04-22T00:17:49.318Z [INFO ] GET /thumbs/1776810324950_i34cty4mi0j.jpg 304 1ms pid=-
2026-04-22T00:17:49.323Z [INFO ] GET /thumbs/1775030559255_ou1z2s5ijk9.png 304 1ms pid=-
2026-04-22T00:17:49.324Z [INFO ] GET /thumbs/1775030976423_x44bmgnclhc.png 304 2ms pid=-
2026-04-22T00:17:49.328Z [INFO ] GET /thumbs/1775063697194_9n5g9kbzqis.png 304 1ms pid=-
2026-04-22T00:17:49.329Z [INFO ] GET /thumbs/1775063960631_jdt18ekn2ke.png 304 2ms pid=-
2026-04-22T00:17:49.339Z [INFO ] GET /thumbs/1775181604590_shlgb65dtf.png 304 1ms pid=-
2026-04-22T00:17:49.344Z [INFO ] GET /thumbs/1775181463015_jti35ij5p1j.png 304 6ms pid=-
2026-04-22T00:17:49.350Z [INFO ] GET /thumbs/1775545328136_dqnq88wwysl.jpg 304 2ms pid=-
2026-04-22T00:17:49.351Z [INFO ] GET /thumbs/1775282309383_3i1bqfrhz87.jpg 304 3ms pid=-
2026-04-22T00:17:49.351Z [INFO ] GET /thumbs/1775979589517_glunf2akmr7.png 304 2ms pid=-
2026-04-22T00:17:49.351Z [INFO ] GET /thumbs/1775545947250_xzlnrpak8l.jpg 304 2ms pid=-
2026-04-22T00:17:49.358Z [INFO ] GET /thumbs/1775545990846_cklvch6g91o.jpg 304 1ms pid=-
2026-04-22T00:17:49.360Z [INFO ] GET /thumbs/1776671968358_hgwfvpqiyph.png 304 1ms pid=-
2026-04-22T00:17:49.371Z [INFO ] GET /thumbs/1775803398625_5zbbz1jzrfv.jpg 304 1ms pid=-
2026-04-22T00:17:49.380Z [INFO ] GET /thumbs/1775884192264_u9f3ykg5dti.jpg 304 2ms pid=-
2026-04-22T00:17:49.380Z [INFO ] GET /thumbs/1775885349951_4txnyps4hkr.jpg 304 1ms pid=-
2026-04-22T00:17:49.381Z [INFO ] GET /thumbs/1775979512066_821kwer8j9o.png 304 2ms pid=-
2026-04-22T00:17:49.382Z [INFO ] GET /thumbs/1775971089580_en53gl0x11q.webp 304 3ms pid=-
2026-04-22T00:17:49.383Z [INFO ] GET /thumbs/1775976931667_uuywdk4dck.jpg 304 1ms pid=-
2026-04-22T00:17:49.385Z [INFO ] GET /thumbs/1775978079006_9x17o8l5y79.jpg 304 2ms pid=-
2026-04-22T00:17:49.394Z [INFO ] GET /thumbs/1776671411826_2ypdlzdwlzh.png 304 0ms pid=-
2026-04-22T00:17:49.397Z [INFO ] GET /thumbs/1776670497721_ea9iyvigxsj.png 304 1ms pid=-
2026-04-22T00:17:49.398Z [INFO ] GET /thumbs/1776462195139_6gg025hew6e.jpg 304 1ms pid=-
2026-04-22T00:17:49.407Z [INFO ] GET /thumbs/1776670749611_r8d32p7evyg.webp 304 3ms pid=-
2026-04-22T00:17:49.408Z [INFO ] GET /thumbs/1776464298011_s2kpxdx3ad.jpg 304 4ms pid=-
2026-04-22T00:17:49.408Z [INFO ] GET /thumbs/1776465270575_b91umfknkpq.jpg 304 2ms pid=-
2026-04-22T00:17:49.494Z [INFO ] GET /thumbs/1776816991728_qrstfachf.jpg 200 87ms pid=-
2026-04-22T00:33:26.908Z [INFO ] GET /api/supplog/2026-04-21/totals 304 4ms pid=eugene_1774743355860
2026-04-22T00:33:26.911Z [INFO ] GET /api/supplog/2026-04-21 304 1ms pid=eugene_1774743355860
2026-04-22T00:33:26.979Z [INFO ] GET /api/summary/2026-04-21 200 69ms pid=eugene_1774743355860
2026-04-22T00:33:27.153Z [INFO ] GET /api/supplements 304 2ms pid=eugene_1774743355860
2026-04-22T00:33:27.155Z [INFO ] GET /thumbs/1776816991728_qrstfachf.jpg 304 4ms pid=-
2026-04-22T00:34:03.524Z [INFO ] GET / 304 1ms pid=-
2026-04-22T00:34:03.541Z [INFO ] GET /app.js 304 1ms pid=-
2026-04-22T00:34:03.559Z [INFO ] GET /api/supplog/2026-04-21/totals 400 2ms pid=-
2026-04-22T00:34:03.559Z [INFO ] GET /api/supplog/2026-04-21 400 1ms pid=-
2026-04-22T00:34:03.561Z [INFO ] GET /api/auth/me 304 0ms pid=-
2026-04-22T00:34:03.562Z [INFO ] GET /api/summary/2026-04-21 400 0ms pid=-
2026-04-22T00:34:03.695Z [INFO ] GET /api/profiles 304 0ms pid=-
2026-04-22T00:34:03.770Z [INFO ] GET /api/supplements 400 1ms pid=-
2026-04-22T00:34:03.777Z [INFO ] GET /api/profiles 304 0ms pid=-
2026-04-22T00:34:03.863Z [INFO ] GET /api/settings 304 1ms pid=eugene_1774743355860
2026-04-22T00:34:03.942Z [INFO ] GET /api/supplements 200 0ms pid=eugene_1774743355860
2026-04-22T00:34:05.809Z [INFO ] GET /api/summary/2026-04-21 200 45ms pid=eugene_1774743355860
2026-04-22T00:34:05.810Z [INFO ] GET /api/supplog/2026-04-21/totals 200 45ms pid=eugene_1774743355860
2026-04-22T00:34:05.810Z [INFO ] GET /api/supplog/2026-04-21 200 45ms pid=eugene_1774743355860
2026-04-22T00:34:05.819Z [INFO ] GET /api/supplements 304 1ms pid=eugene_1774743355860
2026-04-22T00:34:05.819Z [INFO ] GET /thumbs/1776814773304_e9thij4lmnl.jpg 304 1ms pid=-
2026-04-22T00:34:05.820Z [INFO ] GET /thumbs/1776670126618_vmqpdbus2c9.png 304 1ms pid=-
2026-04-22T00:34:05.823Z [INFO ] GET /thumbs/1775980314274_owdii0c1hea.png 304 3ms pid=-
2026-04-22T00:34:05.824Z [INFO ] GET /thumbs/1775544005744_f2e77rudep.jpg 304 2ms pid=-
2026-04-22T00:34:05.826Z [INFO ] GET /thumbs/1776816991728_qrstfachf.jpg 200 8ms pid=-
2026-04-22T00:35:12.821Z [INFO ] GET /api/dates 200 1ms pid=eugene_1774743355860
2026-04-22T00:35:12.928Z [INFO ] GET /api/summary/2026-04-02 304 62ms pid=eugene_1774743355860
2026-04-22T00:35:12.960Z [INFO ] GET /api/summary/2026-03-29 304 30ms pid=eugene_1774743355860
2026-04-22T00:35:12.994Z [INFO ] GET /api/summary/2026-03-30 200 33ms pid=eugene_1774743355860
2026-04-22T00:35:13.024Z [INFO ] GET /api/summary/2026-03-31 304 28ms pid=eugene_1774743355860
2026-04-22T00:35:13.058Z [INFO ] GET /api/summary/2026-04-03 304 61ms pid=eugene_1774743355860
2026-04-22T00:35:13.083Z [INFO ] GET /api/summary/2026-04-06 304 23ms pid=eugene_1774743355860
2026-04-22T00:35:13.106Z [INFO ] GET /api/summary/2026-04-04 304 46ms pid=eugene_1774743355860
2026-04-22T00:35:13.132Z [INFO ] GET /api/summary/2026-04-07 304 25ms pid=eugene_1774743355860
2026-04-22T00:35:13.160Z [INFO ] GET /api/summary/2026-04-08 304 53ms pid=eugene_1774743355860
2026-04-22T00:35:13.184Z [INFO ] GET /api/summary/2026-03-28 304 76ms pid=eugene_1774743355860
2026-04-22T00:35:13.216Z [INFO ] GET /api/summary/2026-04-10 304 31ms pid=eugene_1774743355860
2026-04-22T00:35:13.244Z [INFO ] GET /api/summary/2026-04-11 304 59ms pid=eugene_1774743355860
2026-04-22T00:35:13.266Z [INFO ] GET /api/summary/2026-04-12 304 50ms pid=eugene_1774743355860
2026-04-22T00:35:13.293Z [INFO ] GET /api/summary/2026-04-05 200 77ms pid=eugene_1774743355860
2026-04-22T00:35:13.324Z [INFO ] GET /api/summary/2026-04-09 304 108ms pid=eugene_1774743355860
2026-04-22T00:35:13.354Z [INFO ] GET /api/summary/2026-04-13 304 29ms pid=eugene_1774743355860
2026-04-22T00:35:13.380Z [INFO ] GET /api/summary/2026-04-19 304 24ms pid=eugene_1774743355860
2026-04-22T00:35:13.405Z [INFO ] GET /api/summary/2026-04-18 304 49ms pid=eugene_1774743355860
2026-04-22T00:35:13.429Z [INFO ] GET /api/summary/2026-04-21 304 73ms pid=eugene_1774743355860
2026-04-22T00:35:13.454Z [INFO ] GET /api/summary/2026-04-14 304 98ms pid=eugene_1774743355860
2026-04-22T00:35:13.521Z [INFO ] GET /api/summary/2026-04-15 304 67ms pid=eugene_1774743355860
2026-04-22T00:35:13.583Z [INFO ] GET /api/summary/2026-04-16 304 61ms pid=eugene_1774743355860
2026-04-22T00:35:13.584Z [INFO ] GET /api/supplog/2026-03-28/totals 304 62ms pid=eugene_1774743355860
2026-04-22T00:35:13.609Z [INFO ] GET /api/summary/2026-04-20 200 86ms pid=eugene_1774743355860
2026-04-22T00:35:13.632Z [INFO ] GET /api/summary/2026-04-17 304 109ms pid=eugene_1774743355860
2026-04-22T00:35:13.634Z [INFO ] GET /api/supplog/2026-03-29/totals 304 1ms pid=eugene_1774743355860
2026-04-22T00:35:13.634Z [INFO ] GET /api/supplog/2026-03-30/totals 304 1ms pid=eugene_1774743355860
2026-04-22T00:35:13.634Z [INFO ] GET /api/supplog/2026-03-31/totals 304 1ms pid=eugene_1774743355860
2026-04-22T00:35:13.634Z [INFO ] GET /api/supplog/2026-04-02/totals 304 1ms pid=eugene_1774743355860
2026-04-22T00:35:13.635Z [INFO ] GET /api/supplog/2026-04-03/totals 304 2ms pid=eugene_1774743355860
2026-04-22T00:35:13.651Z [INFO ] GET /api/supplog/2026-04-04/totals 304 0ms pid=eugene_1774743355860
2026-04-22T00:35:13.651Z [INFO ] GET /api/supplog/2026-04-05/totals 304 0ms pid=eugene_1774743355860
2026-04-22T00:35:13.652Z [INFO ] GET /api/supplog/2026-04-07/totals 304 1ms pid=eugene_1774743355860
2026-04-22T00:35:13.652Z [INFO ] GET /api/supplog/2026-04-08/totals 304 1ms pid=eugene_1774743355860
2026-04-22T00:35:13.652Z [INFO ] GET /api/supplog/2026-04-09/totals 304 1ms pid=eugene_1774743355860
2026-04-22T00:35:13.652Z [INFO ] GET /api/supplog/2026-04-10/totals 304 1ms pid=eugene_1774743355860
2026-04-22T00:35:13.668Z [INFO ] GET /api/supplog/2026-04-13/totals 304 1ms pid=eugene_1774743355860
2026-04-22T00:35:13.668Z [INFO ] GET /api/supplog/2026-04-11/totals 304 1ms pid=eugene_1774743355860
2026-04-22T00:35:13.668Z [INFO ] GET /api/supplog/2026-04-12/totals 304 1ms pid=eugene_1774743355860
2026-04-22T00:35:13.668Z [INFO ] GET /api/supplog/2026-04-06/totals 304 1ms pid=eugene_1774743355860
2026-04-22T00:35:13.668Z [INFO ] GET /api/supplog/2026-04-15/totals 304 1ms pid=eugene_1774743355860
2026-04-22T00:35:13.669Z [INFO ] GET /api/supplog/2026-04-18/totals 304 1ms pid=eugene_1774743355860
2026-04-22T00:35:13.682Z [INFO ] GET /api/supplog/2026-04-14/totals 304 1ms pid=eugene_1774743355860
2026-04-22T00:35:13.682Z [INFO ] GET /api/supplog/2026-04-17/totals 304 1ms pid=eugene_1774743355860
2026-04-22T00:35:13.682Z [INFO ] GET /api/supplog/2026-04-21/totals 304 0ms pid=eugene_1774743355860
2026-04-22T00:35:13.683Z [INFO ] GET /api/supplog/2026-04-16/totals 304 1ms pid=eugene_1774743355860
2026-04-22T00:35:13.683Z [INFO ] GET /api/supplog/2026-04-19/totals 304 1ms pid=eugene_1774743355860
2026-04-22T00:35:13.683Z [INFO ] GET /api/supplog/2026-04-20/totals 200 1ms pid=eugene_1774743355860
2026-04-22T00:35:33.400Z [INFO ] GET /api/dates 304 0ms pid=eugene_1774743355860
2026-04-22T00:35:33.491Z [INFO ] GET /api/summary/2026-03-28 304 47ms pid=eugene_1774743355860
2026-04-22T00:35:33.518Z [INFO ] GET /api/summary/2026-03-29 304 25ms pid=eugene_1774743355860
2026-04-22T00:35:33.541Z [INFO ] GET /api/summary/2026-03-30 304 22ms pid=eugene_1774743355860
2026-04-22T00:35:33.564Z [INFO ] GET /api/summary/2026-04-04 304 21ms pid=eugene_1774743355860
2026-04-22T00:35:33.585Z [INFO ] GET /api/summary/2026-03-31 304 42ms pid=eugene_1774743355860
2026-04-22T00:35:33.607Z [INFO ] GET /api/summary/2026-04-05 304 21ms pid=eugene_1774743355860
2026-04-22T00:35:33.626Z [INFO ] GET /api/summary/2026-04-02 304 40ms pid=eugene_1774743355860
2026-04-22T00:35:33.648Z [INFO ] GET /api/summary/2026-04-06 304 20ms pid=eugene_1774743355860
2026-04-22T00:35:33.667Z [INFO ] GET /api/summary/2026-04-07 304 39ms pid=eugene_1774743355860
2026-04-22T00:35:33.692Z [INFO ] GET /api/summary/2026-04-03 304 64ms pid=eugene_1774743355860
2026-04-22T00:35:33.716Z [INFO ] GET /api/summary/2026-04-08 304 48ms pid=eugene_1774743355860
2026-04-22T00:35:33.740Z [INFO ] GET /api/summary/2026-04-09 304 72ms pid=eugene_1774743355860
2026-04-22T00:35:33.764Z [INFO ] GET /api/summary/2026-04-10 304 24ms pid=eugene_1774743355860
2026-04-22T00:35:33.788Z [INFO ] GET /api/summary/2026-04-11 304 48ms pid=eugene_1774743355860
2026-04-22T00:35:33.811Z [INFO ] GET /api/summary/2026-04-12 304 21ms pid=eugene_1774743355860
2026-04-22T00:35:33.848Z [INFO ] GET /api/summary/2026-04-13 304 58ms pid=eugene_1774743355860
2026-04-22T00:35:33.876Z [INFO ] GET /api/summary/2026-04-14 304 86ms pid=eugene_1774743355860
2026-04-22T00:35:33.900Z [INFO ] GET /api/summary/2026-04-15 304 50ms pid=eugene_1774743355860
2026-04-22T00:35:33.923Z [INFO ] GET /api/summary/2026-04-16 304 73ms pid=eugene_1774743355860
2026-04-22T00:35:33.948Z [INFO ] GET /api/summary/2026-04-17 304 25ms pid=eugene_1774743355860
2026-04-22T00:35:33.971Z [INFO ] GET /api/summary/2026-04-18 304 48ms pid=eugene_1774743355860
2026-04-22T00:35:33.995Z [INFO ] GET /api/summary/2026-04-19 304 24ms pid=eugene_1774743355860
2026-04-22T00:35:34.018Z [INFO ] GET /api/summary/2026-04-20 304 47ms pid=eugene_1774743355860
2026-04-22T00:35:34.044Z [INFO ] GET /api/summary/2026-04-21 304 73ms pid=eugene_1774743355860
2026-04-22T00:35:34.044Z [INFO ] GET /api/supplog/2026-03-28/totals 304 0ms pid=eugene_1774743355860
2026-04-22T00:35:34.045Z [INFO ] GET /api/supplog/2026-03-29/totals 304 1ms pid=eugene_1774743355860
2026-04-22T00:35:34.045Z [INFO ] GET /api/supplog/2026-03-30/totals 304 0ms pid=eugene_1774743355860
2026-04-22T00:35:34.045Z [INFO ] GET /api/supplog/2026-03-31/totals 304 0ms pid=eugene_1774743355860
2026-04-22T00:35:34.045Z [INFO ] GET /api/supplog/2026-04-02/totals 304 0ms pid=eugene_1774743355860
2026-04-22T00:35:34.068Z [INFO ] GET /api/supplog/2026-04-03/totals 304 1ms pid=eugene_1774743355860
2026-04-22T00:35:34.068Z [INFO ] GET /api/supplog/2026-04-04/totals 304 1ms pid=eugene_1774743355860
2026-04-22T00:35:34.068Z [INFO ] GET /api/supplog/2026-04-05/totals 304 0ms pid=eugene_1774743355860
2026-04-22T00:35:34.068Z [INFO ] GET /api/supplog/2026-04-06/totals 304 0ms pid=eugene_1774743355860
2026-04-22T00:35:34.068Z [INFO ] GET /api/supplog/2026-04-07/totals 304 0ms pid=eugene_1774743355860
2026-04-22T00:35:34.070Z [INFO ] GET /api/supplog/2026-04-08/totals 304 0ms pid=eugene_1774743355860
2026-04-22T00:35:34.081Z [INFO ] GET /api/supplog/2026-04-09/totals 304 0ms pid=eugene_1774743355860
2026-04-22T00:35:34.081Z [INFO ] GET /api/supplog/2026-04-10/totals 304 0ms pid=eugene_1774743355860
2026-04-22T00:35:34.082Z [INFO ] GET /api/supplog/2026-04-11/totals 304 1ms pid=eugene_1774743355860
2026-04-22T00:35:34.082Z [INFO ] GET /api/supplog/2026-04-12/totals 304 1ms pid=eugene_1774743355860
2026-04-22T00:35:34.082Z [INFO ] GET /api/supplog/2026-04-13/totals 304 1ms pid=eugene_1774743355860
2026-04-22T00:35:34.087Z [INFO ] GET /api/supplog/2026-04-14/totals 304 0ms pid=eugene_1774743355860
2026-04-22T00:35:34.098Z [INFO ] GET /api/supplog/2026-04-15/totals 304 0ms pid=eugene_1774743355860
2026-04-22T00:35:34.098Z [INFO ] GET /api/supplog/2026-04-16/totals 304 0ms pid=eugene_1774743355860
2026-04-22T00:35:34.099Z [INFO ] GET /api/supplog/2026-04-17/totals 304 1ms pid=eugene_1774743355860
2026-04-22T00:35:34.102Z [INFO ] GET /api/supplog/2026-04-18/totals 304 1ms pid=eugene_1774743355860
2026-04-22T00:35:34.102Z [INFO ] GET /api/supplog/2026-04-19/totals 304 1ms pid=eugene_1774743355860
2026-04-22T00:35:34.102Z [INFO ] GET /api/supplog/2026-04-20/totals 304 1ms pid=eugene_1774743355860
2026-04-22T00:35:34.108Z [INFO ] GET /api/supplog/2026-04-21/totals 304 0ms pid=eugene_1774743355860
2026-04-22T00:35:37.628Z [INFO ] GET /api/dates 304 1ms pid=eugene_1774743355860
2026-04-22T00:35:37.727Z [INFO ] GET /api/summary/2026-03-28 304 53ms pid=eugene_1774743355860
2026-04-22T00:35:37.753Z [INFO ] GET /api/summary/2026-03-29 304 78ms pid=eugene_1774743355860
2026-04-22T00:35:37.778Z [INFO ] GET /api/summary/2026-03-30 304 103ms pid=eugene_1774743355860
2026-04-22T00:35:37.803Z [INFO ] GET /api/summary/2026-03-31 304 128ms pid=eugene_1774743355860
2026-04-22T00:35:37.827Z [INFO ] GET /api/summary/2026-04-02 304 152ms pid=eugene_1774743355860
2026-04-22T00:35:37.853Z [INFO ] GET /api/summary/2026-04-03 304 177ms pid=eugene_1774743355860
2026-04-22T00:35:37.875Z [INFO ] GET /api/summary/2026-04-04 304 21ms pid=eugene_1774743355860
2026-04-22T00:35:37.898Z [INFO ] GET /api/summary/2026-04-05 304 44ms pid=eugene_1774743355860
2026-04-22T00:35:37.923Z [INFO ] GET /api/summary/2026-04-06 304 69ms pid=eugene_1774743355860
2026-04-22T00:35:37.946Z [INFO ] GET /api/summary/2026-04-07 304 92ms pid=eugene_1774743355860
2026-04-22T00:35:37.968Z [INFO ] GET /api/summary/2026-04-08 304 44ms pid=eugene_1774743355860
2026-04-22T00:35:37.988Z [INFO ] GET /api/summary/2026-04-09 304 41ms pid=eugene_1774743355860
2026-04-22T00:35:38.009Z [INFO ] GET /api/summary/2026-04-10 304 62ms pid=eugene_1774743355860
2026-04-22T00:35:38.031Z [INFO ] GET /api/summary/2026-04-11 304 83ms pid=eugene_1774743355860
2026-04-22T00:35:38.053Z [INFO ] GET /api/summary/2026-04-12 304 42ms pid=eugene_1774743355860
2026-04-22T00:35:38.070Z [INFO ] GET /api/summary/2026-04-13 304 37ms pid=eugene_1774743355860
2026-04-22T00:35:38.090Z [INFO ] GET /api/summary/2026-04-14 304 57ms pid=eugene_1774743355860
2026-04-22T00:35:38.112Z [INFO ] GET /api/summary/2026-04-15 304 79ms pid=eugene_1774743355860
2026-04-22T00:35:38.136Z [INFO ] GET /api/summary/2026-04-16 304 45ms pid=eugene_1774743355860
2026-04-22T00:35:38.155Z [INFO ] GET /api/summary/2026-04-17 304 41ms pid=eugene_1774743355860
2026-04-22T00:35:38.176Z [INFO ] GET /api/summary/2026-04-18 304 62ms pid=eugene_1774743355860
2026-04-22T00:35:38.199Z [INFO ] GET /api/summary/2026-04-19 304 85ms pid=eugene_1774743355860
2026-04-22T00:35:38.220Z [INFO ] GET /api/summary/2026-04-20 304 42ms pid=eugene_1774743355860
2026-04-22T00:35:38.239Z [INFO ] GET /api/summary/2026-04-21 304 39ms pid=eugene_1774743355860
2026-04-22T00:35:38.239Z [INFO ] GET /api/supplog/2026-03-28/totals 304 39ms pid=eugene_1774743355860
2026-04-22T00:35:38.241Z [INFO ] GET /api/supplog/2026-03-29/totals 304 41ms pid=eugene_1774743355860
2026-04-22T00:35:38.241Z [INFO ] GET /api/supplog/2026-03-30/totals 304 0ms pid=eugene_1774743355860
2026-04-22T00:35:38.241Z [INFO ] GET /api/supplog/2026-03-31/totals 304 0ms pid=eugene_1774743355860
2026-04-22T00:35:38.242Z [INFO ] GET /api/supplog/2026-04-02/totals 304 1ms pid=eugene_1774743355860
2026-04-22T00:35:38.253Z [INFO ] GET /api/supplog/2026-04-03/totals 304 0ms pid=eugene_1774743355860
2026-04-22T00:35:38.254Z [INFO ] GET /api/supplog/2026-04-04/totals 304 1ms pid=eugene_1774743355860
2026-04-22T00:35:38.262Z [INFO ] GET /api/supplog/2026-04-05/totals 304 0ms pid=eugene_1774743355860
2026-04-22T00:35:38.262Z [INFO ] GET /api/supplog/2026-04-06/totals 304 0ms pid=eugene_1774743355860
2026-04-22T00:35:38.263Z [INFO ] GET /api/supplog/2026-04-07/totals 304 1ms pid=eugene_1774743355860
2026-04-22T00:35:38.263Z [INFO ] GET /api/supplog/2026-04-08/totals 304 1ms pid=eugene_1774743355860
2026-04-22T00:35:38.273Z [INFO ] GET /api/supplog/2026-04-09/totals 304 1ms pid=eugene_1774743355860
2026-04-22T00:35:38.273Z [INFO ] GET /api/supplog/2026-04-10/totals 304 0ms pid=eugene_1774743355860
2026-04-22T00:35:38.283Z [INFO ] GET /api/supplog/2026-04-11/totals 304 1ms pid=eugene_1774743355860
2026-04-22T00:35:38.283Z [INFO ] GET /api/supplog/2026-04-12/totals 304 1ms pid=eugene_1774743355860
2026-04-22T00:35:38.283Z [INFO ] GET /api/supplog/2026-04-13/totals 304 1ms pid=eugene_1774743355860
2026-04-22T00:35:38.283Z [INFO ] GET /api/supplog/2026-04-14/totals 304 1ms pid=eugene_1774743355860
2026-04-22T00:35:38.283Z [INFO ] GET /api/supplog/2026-04-15/totals 304 1ms pid=eugene_1774743355860
2026-04-22T00:35:38.283Z [INFO ] GET /api/supplog/2026-04-16/totals 304 1ms pid=eugene_1774743355860
2026-04-22T00:35:38.301Z [INFO ] GET /api/supplog/2026-04-17/totals 304 0ms pid=eugene_1774743355860
2026-04-22T00:35:38.301Z [INFO ] GET /api/supplog/2026-04-18/totals 304 0ms pid=eugene_1774743355860
2026-04-22T00:35:38.301Z [INFO ] GET /api/supplog/2026-04-19/totals 304 0ms pid=eugene_1774743355860
2026-04-22T00:35:38.302Z [INFO ] GET /api/supplog/2026-04-20/totals 304 0ms pid=eugene_1774743355860
2026-04-22T00:35:38.302Z [INFO ] GET /api/supplog/2026-04-21/totals 304 0ms pid=eugene_1774743355860
2026-04-22T00:35:49.496Z [INFO ] GET /api/dates 304 1ms pid=eugene_1774743355860
2026-04-22T00:35:49.617Z [INFO ] GET /api/summary/2026-03-28 304 50ms pid=eugene_1774743355860
2026-04-22T00:35:49.644Z [INFO ] GET /api/summary/2026-03-29 304 25ms pid=eugene_1774743355860
2026-04-22T00:35:49.669Z [INFO ] GET /api/summary/2026-03-30 304 23ms pid=eugene_1774743355860
2026-04-22T00:35:49.687Z [INFO ] GET /api/summary/2026-04-04 304 41ms pid=eugene_1774743355860
2026-04-22T00:35:49.709Z [INFO ] GET /api/summary/2026-03-31 304 63ms pid=eugene_1774743355860
2026-04-22T00:35:49.734Z [INFO ] GET /api/summary/2026-04-02 304 46ms pid=eugene_1774743355860
2026-04-22T00:35:49.754Z [INFO ] GET /api/summary/2026-04-05 304 43ms pid=eugene_1774743355860
2026-04-22T00:35:49.775Z [INFO ] GET /api/summary/2026-04-06 304 64ms pid=eugene_1774743355860
2026-04-22T00:35:49.798Z [INFO ] GET /api/summary/2026-04-03 304 87ms pid=eugene_1774743355860
2026-04-22T00:35:49.819Z [INFO ] GET /api/summary/2026-04-07 304 20ms pid=eugene_1774743355860
2026-04-22T00:35:49.841Z [INFO ] GET /api/summary/2026-04-08 304 42ms pid=eugene_1774743355860
2026-04-22T00:35:49.860Z [INFO ] GET /api/summary/2026-04-09 304 61ms pid=eugene_1774743355860
2026-04-22T00:35:49.884Z [INFO ] GET /api/summary/2026-04-10 304 84ms pid=eugene_1774743355860
2026-04-22T00:35:49.907Z [INFO ] GET /api/summary/2026-04-11 304 107ms pid=eugene_1774743355860
2026-04-22T00:35:49.927Z [INFO ] GET /api/summary/2026-04-12 304 20ms pid=eugene_1774743355860
2026-04-22T00:35:49.947Z [INFO ] GET /api/summary/2026-04-13 304 40ms pid=eugene_1774743355860
2026-04-22T00:35:49.966Z [INFO ] GET /api/summary/2026-04-14 304 59ms pid=eugene_1774743355860
2026-04-22T00:35:49.986Z [INFO ] GET /api/summary/2026-04-15 304 79ms pid=eugene_1774743355860
2026-04-22T00:35:50.007Z [INFO ] GET /api/summary/2026-04-16 304 41ms pid=eugene_1774743355860
2026-04-22T00:35:50.027Z [INFO ] GET /api/summary/2026-04-17 304 40ms pid=eugene_1774743355860
2026-04-22T00:35:50.047Z [INFO ] GET /api/summary/2026-04-18 304 60ms pid=eugene_1774743355860
2026-04-22T00:35:50.068Z [INFO ] GET /api/summary/2026-04-19 304 81ms pid=eugene_1774743355860
2026-04-22T00:35:50.091Z [INFO ] GET /api/summary/2026-04-20 304 43ms pid=eugene_1774743355860
2026-04-22T00:35:50.111Z [INFO ] GET /api/summary/2026-04-21 304 42ms pid=eugene_1774743355860
2026-04-22T00:35:50.111Z [INFO ] GET /api/supplog/2026-03-28/totals 304 41ms pid=eugene_1774743355860
2026-04-22T00:35:50.113Z [INFO ] GET /api/supplog/2026-03-29/totals 304 43ms pid=eugene_1774743355860
2026-04-22T00:35:50.113Z [INFO ] GET /api/supplog/2026-03-30/totals 304 1ms pid=eugene_1774743355860
2026-04-22T00:35:50.113Z [INFO ] GET /api/supplog/2026-03-31/totals 304 0ms pid=eugene_1774743355860
2026-04-22T00:35:50.114Z [INFO ] GET /api/supplog/2026-04-02/totals 304 1ms pid=eugene_1774743355860
2026-04-22T00:35:50.125Z [INFO ] GET /api/supplog/2026-04-03/totals 304 1ms pid=eugene_1774743355860
2026-04-22T00:35:50.129Z [INFO ] GET /api/supplog/2026-04-04/totals 304 0ms pid=eugene_1774743355860
2026-04-22T00:35:50.132Z [INFO ] GET /api/supplog/2026-04-05/totals 304 0ms pid=eugene_1774743355860
2026-04-22T00:35:50.132Z [INFO ] GET /api/supplog/2026-04-06/totals 304 0ms pid=eugene_1774743355860
2026-04-22T00:35:50.132Z [INFO ] GET /api/supplog/2026-04-07/totals 304 0ms pid=eugene_1774743355860
2026-04-22T00:35:50.132Z [INFO ] GET /api/supplog/2026-04-08/totals 304 0ms pid=eugene_1774743355860
2026-04-22T00:35:50.140Z [INFO ] GET /api/supplog/2026-04-09/totals 304 1ms pid=eugene_1774743355860
2026-04-22T00:35:50.140Z [INFO ] GET /api/supplog/2026-04-10/totals 304 1ms pid=eugene_1774743355860
2026-04-22T00:35:50.147Z [INFO ] GET /api/supplog/2026-04-11/totals 304 0ms pid=eugene_1774743355860
2026-04-22T00:35:50.147Z [INFO ] GET /api/supplog/2026-04-12/totals 304 0ms pid=eugene_1774743355860
2026-04-22T00:35:50.148Z [INFO ] GET /api/supplog/2026-04-13/totals 304 1ms pid=eugene_1774743355860
2026-04-22T00:35:50.149Z [INFO ] GET /api/supplog/2026-04-14/totals 304 0ms pid=eugene_1774743355860
2026-04-22T00:35:50.157Z [INFO ] GET /api/supplog/2026-04-15/totals 304 0ms pid=eugene_1774743355860
2026-04-22T00:35:50.157Z [INFO ] GET /api/supplog/2026-04-16/totals 304 0ms pid=eugene_1774743355860
2026-04-22T00:35:50.161Z [INFO ] GET /api/supplog/2026-04-17/totals 304 0ms pid=eugene_1774743355860
2026-04-22T00:35:50.162Z [INFO ] GET /api/supplog/2026-04-18/totals 304 0ms pid=eugene_1774743355860
2026-04-22T00:35:50.162Z [INFO ] GET /api/supplog/2026-04-19/totals 304 0ms pid=eugene_1774743355860
2026-04-22T00:35:50.162Z [INFO ] GET /api/supplog/2026-04-20/totals 304 0ms pid=eugene_1774743355860
2026-04-22T00:35:50.170Z [INFO ] GET /api/supplog/2026-04-21/totals 304 0ms pid=eugene_1774743355860
2026-04-22T00:35:52.192Z [INFO ] GET /api/dates 304 1ms pid=eugene_1774743355860
2026-04-22T00:35:52.293Z [INFO ] GET /api/summary/2026-03-28 304 60ms pid=eugene_1774743355860
2026-04-22T00:35:52.324Z [INFO ] GET /api/summary/2026-03-29 304 90ms pid=eugene_1774743355860
2026-04-22T00:35:52.345Z [INFO ] GET /api/summary/2026-03-30 304 111ms pid=eugene_1774743355860
2026-04-22T00:35:52.369Z [INFO ] GET /api/summary/2026-03-31 304 24ms pid=eugene_1774743355860
2026-04-22T00:35:52.391Z [INFO ] GET /api/summary/2026-04-02 304 46ms pid=eugene_1774743355860
2026-04-22T00:35:52.415Z [INFO ] GET /api/summary/2026-04-03 304 70ms pid=eugene_1774743355860
2026-04-22T00:35:52.438Z [INFO ] GET /api/summary/2026-04-04 304 46ms pid=eugene_1774743355860
2026-04-22T00:35:52.462Z [INFO ] GET /api/summary/2026-04-05 304 70ms pid=eugene_1774743355860
2026-04-22T00:35:52.482Z [INFO ] GET /api/summary/2026-04-06 304 42ms pid=eugene_1774743355860
2026-04-22T00:35:52.501Z [INFO ] GET /api/summary/2026-04-07 304 61ms pid=eugene_1774743355860
2026-04-22T00:35:52.525Z [INFO ] GET /api/summary/2026-04-08 304 22ms pid=eugene_1774743355860
2026-04-22T00:35:52.545Z [INFO ] GET /api/summary/2026-04-09 304 42ms pid=eugene_1774743355860
2026-04-22T00:35:52.566Z [INFO ] GET /api/summary/2026-04-10 304 40ms pid=eugene_1774743355860
2026-04-22T00:35:52.586Z [INFO ] GET /api/summary/2026-04-11 304 60ms pid=eugene_1774743355860
2026-04-22T00:35:52.607Z [INFO ] GET /api/summary/2026-04-12 304 81ms pid=eugene_1774743355860
2026-04-22T00:35:52.627Z [INFO ] GET /api/summary/2026-04-13 304 41ms pid=eugene_1774743355860
2026-04-22T00:35:52.645Z [INFO ] GET /api/summary/2026-04-14 304 37ms pid=eugene_1774743355860
2026-04-22T00:35:52.664Z [INFO ] GET /api/summary/2026-04-15 304 56ms pid=eugene_1774743355860
2026-04-22T00:35:52.686Z [INFO ] GET /api/summary/2026-04-16 304 78ms pid=eugene_1774743355860
2026-04-22T00:35:52.707Z [INFO ] GET /api/summary/2026-04-17 304 42ms pid=eugene_1774743355860
2026-04-22T00:35:52.726Z [INFO ] GET /api/summary/2026-04-18 304 38ms pid=eugene_1774743355860
2026-04-22T00:35:52.746Z [INFO ] GET /api/summary/2026-04-19 304 58ms pid=eugene_1774743355860
2026-04-22T00:35:52.766Z [INFO ] GET /api/summary/2026-04-20 304 78ms pid=eugene_1774743355860
2026-04-22T00:35:52.787Z [INFO ] GET /api/summary/2026-04-21 304 40ms pid=eugene_1774743355860
2026-04-22T00:35:52.788Z [INFO ] GET /api/supplog/2026-03-28/totals 304 20ms pid=eugene_1774743355860
2026-04-22T00:35:52.788Z [INFO ] GET /api/supplog/2026-03-29/totals 304 19ms pid=eugene_1774743355860
2026-04-22T00:35:52.789Z [INFO ] GET /api/supplog/2026-03-30/totals 304 20ms pid=eugene_1774743355860
2026-04-22T00:35:52.789Z [INFO ] GET /api/supplog/2026-03-31/totals 304 0ms pid=eugene_1774743355860
2026-04-22T00:35:52.789Z [INFO ] GET /api/supplog/2026-04-02/totals 304 0ms pid=eugene_1774743355860
2026-04-22T00:35:52.802Z [INFO ] GET /api/supplog/2026-04-03/totals 304 0ms pid=eugene_1774743355860
2026-04-22T00:35:52.810Z [INFO ] GET /api/supplog/2026-04-04/totals 304 0ms pid=eugene_1774743355860
2026-04-22T00:35:52.810Z [INFO ] GET /api/supplog/2026-04-05/totals 304 0ms pid=eugene_1774743355860
2026-04-22T00:35:52.810Z [INFO ] GET /api/supplog/2026-04-06/totals 304 0ms pid=eugene_1774743355860
2026-04-22T00:35:52.810Z [INFO ] GET /api/supplog/2026-04-07/totals 304 0ms pid=eugene_1774743355860
2026-04-22T00:35:52.810Z [INFO ] GET /api/supplog/2026-04-08/totals 304 0ms pid=eugene_1774743355860
2026-04-22T00:35:52.815Z [INFO ] GET /api/supplog/2026-04-09/totals 304 0ms pid=eugene_1774743355860
2026-04-22T00:35:52.824Z [INFO ] GET /api/supplog/2026-04-10/totals 304 1ms pid=eugene_1774743355860
2026-04-22T00:35:52.829Z [INFO ] GET /api/supplog/2026-04-11/totals 304 1ms pid=eugene_1774743355860
2026-04-22T00:35:52.829Z [INFO ] GET /api/supplog/2026-04-12/totals 304 1ms pid=eugene_1774743355860
2026-04-22T00:35:52.829Z [INFO ] GET /api/supplog/2026-04-13/totals 304 1ms pid=eugene_1774743355860
2026-04-22T00:35:52.829Z [INFO ] GET /api/supplog/2026-04-14/totals 304 1ms pid=eugene_1774743355860
2026-04-22T00:35:52.834Z [INFO ] GET /api/supplog/2026-04-15/totals 304 0ms pid=eugene_1774743355860
2026-04-22T00:35:52.838Z [INFO ] GET /api/supplog/2026-04-16/totals 304 0ms pid=eugene_1774743355860
2026-04-22T00:35:52.844Z [INFO ] GET /api/supplog/2026-04-17/totals 304 0ms pid=eugene_1774743355860
2026-04-22T00:35:52.845Z [INFO ] GET /api/supplog/2026-04-18/totals 304 1ms pid=eugene_1774743355860
2026-04-22T00:35:52.845Z [INFO ] GET /api/supplog/2026-04-19/totals 304 1ms pid=eugene_1774743355860
2026-04-22T00:35:52.845Z [INFO ] GET /api/supplog/2026-04-20/totals 304 1ms pid=eugene_1774743355860
2026-04-22T00:35:52.849Z [INFO ] GET /api/supplog/2026-04-21/totals 304 0ms pid=eugene_1774743355860
2026-04-22T00:36:02.494Z [INFO ] GET /api/dates 304 1ms pid=eugene_1774743355860
2026-04-22T00:36:02.580Z [INFO ] GET /api/summary/2026-03-28 304 43ms pid=eugene_1774743355860
2026-04-22T00:36:02.611Z [INFO ] GET /api/summary/2026-03-29 304 28ms pid=eugene_1774743355860
2026-04-22T00:36:02.635Z [INFO ] GET /api/summary/2026-03-30 304 23ms pid=eugene_1774743355860
2026-04-22T00:36:02.657Z [INFO ] GET /api/summary/2026-04-04 304 21ms pid=eugene_1774743355860
2026-04-22T00:36:02.677Z [INFO ] GET /api/summary/2026-03-31 304 41ms pid=eugene_1774743355860
2026-04-22T00:36:02.699Z [INFO ] GET /api/summary/2026-04-05 304 20ms pid=eugene_1774743355860
2026-04-22T00:36:02.721Z [INFO ] GET /api/summary/2026-04-02 304 42ms pid=eugene_1774743355860
2026-04-22T00:36:02.740Z [INFO ] GET /api/summary/2026-04-06 304 40ms pid=eugene_1774743355860
2026-04-22T00:36:02.758Z [INFO ] GET /api/summary/2026-04-07 304 58ms pid=eugene_1774743355860
2026-04-22T00:36:02.779Z [INFO ] GET /api/summary/2026-04-03 304 79ms pid=eugene_1774743355860
2026-04-22T00:36:02.802Z [INFO ] GET /api/summary/2026-04-08 304 43ms pid=eugene_1774743355860
2026-04-22T00:36:02.819Z [INFO ] GET /api/summary/2026-04-09 304 38ms pid=eugene_1774743355860
2026-04-22T00:36:02.840Z [INFO ] GET /api/summary/2026-04-10 304 59ms pid=eugene_1774743355860
2026-04-22T00:36:02.861Z [INFO ] GET /api/summary/2026-04-11 304 80ms pid=eugene_1774743355860
2026-04-22T00:36:02.884Z [INFO ] GET /api/summary/2026-04-12 304 43ms pid=eugene_1774743355860
2026-04-22T00:36:02.901Z [INFO ] GET /api/summary/2026-04-13 304 39ms pid=eugene_1774743355860
2026-04-22T00:36:02.919Z [INFO ] GET /api/summary/2026-04-14 304 56ms pid=eugene_1774743355860
2026-04-22T00:36:02.942Z [INFO ] GET /api/summary/2026-04-15 304 79ms pid=eugene_1774743355860
2026-04-22T00:36:02.964Z [INFO ] GET /api/summary/2026-04-16 304 43ms pid=eugene_1774743355860
2026-04-22T00:36:02.981Z [INFO ] GET /api/summary/2026-04-17 304 38ms pid=eugene_1774743355860
2026-04-22T00:36:03.001Z [INFO ] GET /api/summary/2026-04-18 304 58ms pid=eugene_1774743355860
2026-04-22T00:36:03.022Z [INFO ] GET /api/summary/2026-04-19 304 79ms pid=eugene_1774743355860
2026-04-22T00:36:03.043Z [INFO ] GET /api/summary/2026-04-20 304 41ms pid=eugene_1774743355860
2026-04-22T00:36:03.061Z [INFO ] GET /api/summary/2026-04-21 304 38ms pid=eugene_1774743355860
2026-04-22T00:36:03.061Z [INFO ] GET /api/supplog/2026-03-28/totals 304 38ms pid=eugene_1774743355860
2026-04-22T00:36:03.062Z [INFO ] GET /api/supplog/2026-03-29/totals 304 39ms pid=eugene_1774743355860
2026-04-22T00:36:03.063Z [INFO ] GET /api/supplog/2026-03-30/totals 304 1ms pid=eugene_1774743355860
2026-04-22T00:36:03.063Z [INFO ] GET /api/supplog/2026-03-31/totals 304 1ms pid=eugene_1774743355860
2026-04-22T00:36:03.063Z [INFO ] GET /api/supplog/2026-04-02/totals 304 1ms pid=eugene_1774743355860
2026-04-22T00:36:03.075Z [INFO ] GET /api/supplog/2026-04-03/totals 304 1ms pid=eugene_1774743355860
2026-04-22T00:36:03.079Z [INFO ] GET /api/supplog/2026-04-04/totals 304 0ms pid=eugene_1774743355860
2026-04-22T00:36:03.080Z [INFO ] GET /api/supplog/2026-04-05/totals 304 1ms pid=eugene_1774743355860
2026-04-22T00:36:03.080Z [INFO ] GET /api/supplog/2026-04-06/totals 304 1ms pid=eugene_1774743355860
2026-04-22T00:36:03.080Z [INFO ] GET /api/supplog/2026-04-07/totals 304 1ms pid=eugene_1774743355860
2026-04-22T00:36:03.080Z [INFO ] GET /api/supplog/2026-04-08/totals 304 1ms pid=eugene_1774743355860
2026-04-22T00:36:03.083Z [INFO ] GET /api/supplog/2026-04-09/totals 304 0ms pid=eugene_1774743355860
2026-04-22T00:36:03.093Z [INFO ] GET /api/supplog/2026-04-10/totals 304 1ms pid=eugene_1774743355860
2026-04-22T00:36:03.093Z [INFO ] GET /api/supplog/2026-04-11/totals 304 1ms pid=eugene_1774743355860
2026-04-22T00:36:03.093Z [INFO ] GET /api/supplog/2026-04-12/totals 304 1ms pid=eugene_1774743355860
2026-04-22T00:36:03.093Z [INFO ] GET /api/supplog/2026-04-13/totals 304 1ms pid=eugene_1774743355860
2026-04-22T00:36:03.093Z [INFO ] GET /api/supplog/2026-04-14/totals 304 0ms pid=eugene_1774743355860
2026-04-22T00:36:03.094Z [INFO ] GET /api/supplog/2026-04-15/totals 304 1ms pid=eugene_1774743355860
2026-04-22T00:36:03.107Z [INFO ] GET /api/supplog/2026-04-16/totals 304 0ms pid=eugene_1774743355860
2026-04-22T00:36:03.107Z [INFO ] GET /api/supplog/2026-04-17/totals 304 0ms pid=eugene_1774743355860
2026-04-22T00:36:03.107Z [INFO ] GET /api/supplog/2026-04-18/totals 304 0ms pid=eugene_1774743355860
2026-04-22T00:36:03.107Z [INFO ] GET /api/supplog/2026-04-19/totals 304 0ms pid=eugene_1774743355860
2026-04-22T00:36:03.107Z [INFO ] GET /api/supplog/2026-04-20/totals 304 0ms pid=eugene_1774743355860
2026-04-22T00:36:03.108Z [INFO ] GET /api/supplog/2026-04-21/totals 304 1ms pid=eugene_1774743355860
2026-04-22T00:36:03.537Z [INFO ] GET /api/dates 304 2ms pid=eugene_1774743355860
2026-04-22T00:36:03.621Z [INFO ] GET /api/summary/2026-03-28 304 52ms pid=eugene_1774743355860
2026-04-22T00:36:03.645Z [INFO ] GET /api/summary/2026-03-29 304 76ms pid=eugene_1774743355860
2026-04-22T00:36:03.668Z [INFO ] GET /api/summary/2026-03-30 304 98ms pid=eugene_1774743355860
2026-04-22T00:36:03.693Z [INFO ] GET /api/summary/2026-03-31 304 123ms pid=eugene_1774743355860
2026-04-22T00:36:03.720Z [INFO ] GET /api/summary/2026-04-03 304 150ms pid=eugene_1774743355860
2026-04-22T00:36:03.745Z [INFO ] GET /api/summary/2026-04-02 304 175ms pid=eugene_1774743355860
2026-04-22T00:36:03.767Z [INFO ] GET /api/summary/2026-04-04 304 22ms pid=eugene_1774743355860
2026-04-22T00:36:03.789Z [INFO ] GET /api/summary/2026-04-05 304 44ms pid=eugene_1774743355860
2026-04-22T00:36:03.811Z [INFO ] GET /api/summary/2026-04-06 304 65ms pid=eugene_1774743355860
2026-04-22T00:36:03.836Z [INFO ] GET /api/summary/2026-04-07 304 90ms pid=eugene_1774743355860
2026-04-22T00:36:03.859Z [INFO ] GET /api/summary/2026-04-08 304 113ms pid=eugene_1774743355860
2026-04-22T00:36:03.878Z [INFO ] GET /api/summary/2026-04-09 304 19ms pid=eugene_1774743355860
2026-04-22T00:36:03.898Z [INFO ] GET /api/summary/2026-04-10 304 39ms pid=eugene_1774743355860
2026-04-22T00:36:03.919Z [INFO ] GET /api/summary/2026-04-11 304 60ms pid=eugene_1774743355860
2026-04-22T00:36:03.940Z [INFO ] GET /api/summary/2026-04-12 304 81ms pid=eugene_1774743355860
2026-04-22T00:36:03.960Z [INFO ] GET /api/summary/2026-04-13 304 41ms pid=eugene_1774743355860
2026-04-22T00:36:03.978Z [INFO ] GET /api/summary/2026-04-14 304 37ms pid=eugene_1774743355860
2026-04-22T00:36:03.998Z [INFO ] GET /api/summary/2026-04-15 304 57ms pid=eugene_1774743355860
2026-04-22T00:36:04.021Z [INFO ] GET /api/summary/2026-04-16 304 80ms pid=eugene_1774743355860
2026-04-22T00:36:04.044Z [INFO ] GET /api/summary/2026-04-17 304 45ms pid=eugene_1774743355860
2026-04-22T00:36:04.065Z [INFO ] GET /api/summary/2026-04-18 304 42ms pid=eugene_1774743355860
2026-04-22T00:36:04.084Z [INFO ] GET /api/summary/2026-04-19 304 61ms pid=eugene_1774743355860
2026-04-22T00:36:04.106Z [INFO ] GET /api/summary/2026-04-20 304 83ms pid=eugene_1774743355860
2026-04-22T00:36:04.131Z [INFO ] GET /api/summary/2026-04-21 304 24ms pid=eugene_1774743355860
2026-04-22T00:36:04.132Z [INFO ] GET /api/supplog/2026-03-28/totals 304 0ms pid=eugene_1774743355860
2026-04-22T00:36:04.132Z [INFO ] GET /api/supplog/2026-03-29/totals 304 0ms pid=eugene_1774743355860
2026-04-22T00:36:04.133Z [INFO ] GET /api/supplog/2026-03-30/totals 304 1ms pid=eugene_1774743355860
2026-04-22T00:36:04.133Z [INFO ] GET /api/supplog/2026-03-31/totals 304 1ms pid=eugene_1774743355860
2026-04-22T00:36:04.133Z [INFO ] GET /api/supplog/2026-04-02/totals 304 0ms pid=eugene_1774743355860
2026-04-22T00:36:04.140Z [INFO ] GET /api/supplog/2026-04-03/totals 304 0ms pid=eugene_1774743355860
2026-04-22T00:36:04.140Z [INFO ] GET /api/supplog/2026-04-04/totals 304 0ms pid=eugene_1774743355860
2026-04-22T00:36:04.145Z [INFO ] GET /api/supplog/2026-04-05/totals 304 0ms pid=eugene_1774743355860
2026-04-22T00:36:04.146Z [INFO ] GET /api/supplog/2026-04-06/totals 304 1ms pid=eugene_1774743355860
2026-04-22T00:36:04.146Z [INFO ] GET /api/supplog/2026-04-07/totals 304 1ms pid=eugene_1774743355860
2026-04-22T00:36:04.146Z [INFO ] GET /api/supplog/2026-04-08/totals 304 1ms pid=eugene_1774743355860
2026-04-22T00:36:04.152Z [INFO ] GET /api/supplog/2026-04-09/totals 304 0ms pid=eugene_1774743355860
2026-04-22T00:36:04.153Z [INFO ] GET /api/supplog/2026-04-10/totals 304 1ms pid=eugene_1774743355860
2026-04-22T00:36:04.162Z [INFO ] GET /api/supplog/2026-04-11/totals 304 1ms pid=eugene_1774743355860
2026-04-22T00:36:04.162Z [INFO ] GET /api/supplog/2026-04-12/totals 304 1ms pid=eugene_1774743355860
2026-04-22T00:36:04.162Z [INFO ] GET /api/supplog/2026-04-13/totals 304 1ms pid=eugene_1774743355860
2026-04-22T00:36:04.162Z [INFO ] GET /api/supplog/2026-04-14/totals 304 1ms pid=eugene_1774743355860
2026-04-22T00:36:04.164Z [INFO ] GET /api/supplog/2026-04-15/totals 304 1ms pid=eugene_1774743355860
2026-04-22T00:36:04.164Z [INFO ] GET /api/supplog/2026-04-16/totals 304 1ms pid=eugene_1774743355860
2026-04-22T00:36:04.173Z [INFO ] GET /api/supplog/2026-04-17/totals 304 0ms pid=eugene_1774743355860
2026-04-22T00:36:04.174Z [INFO ] GET /api/supplog/2026-04-18/totals 304 1ms pid=eugene_1774743355860
2026-04-22T00:36:04.174Z [INFO ] GET /api/supplog/2026-04-19/totals 304 1ms pid=eugene_1774743355860
2026-04-22T00:36:04.174Z [INFO ] GET /api/supplog/2026-04-20/totals 304 1ms pid=eugene_1774743355860
2026-04-22T00:36:04.178Z [INFO ] GET /api/supplog/2026-04-21/totals 304 0ms pid=eugene_1774743355860
2026-04-22T00:36:14.916Z [INFO ] GET /api/dates 304 2ms pid=eugene_1774743355860
2026-04-22T00:36:15.010Z [INFO ] GET /api/summary/2026-03-28 304 54ms pid=eugene_1774743355860
2026-04-22T00:36:15.039Z [INFO ] GET /api/summary/2026-03-29 304 27ms pid=eugene_1774743355860
2026-04-22T00:36:15.062Z [INFO ] GET /api/summary/2026-03-30 304 22ms pid=eugene_1774743355860
2026-04-22T00:36:15.083Z [INFO ] GET /api/summary/2026-04-04 304 18ms pid=eugene_1774743355860
2026-04-22T00:36:15.106Z [INFO ] GET /api/summary/2026-03-31 304 41ms pid=eugene_1774743355860
2026-04-22T00:36:15.128Z [INFO ] GET /api/summary/2026-04-05 304 44ms pid=eugene_1774743355860
2026-04-22T00:36:15.150Z [INFO ] GET /api/summary/2026-04-02 304 66ms pid=eugene_1774743355860
2026-04-22T00:36:15.167Z [INFO ] GET /api/summary/2026-04-06 304 38ms pid=eugene_1774743355860
2026-04-22T00:36:15.190Z [INFO ] GET /api/summary/2026-04-03 304 61ms pid=eugene_1774743355860
2026-04-22T00:36:15.206Z [INFO ] GET /api/summary/2026-04-07 304 37ms pid=eugene_1774743355860
2026-04-22T00:36:15.226Z [INFO ] GET /api/summary/2026-04-08 304 57ms pid=eugene_1774743355860
2026-04-22T00:36:15.242Z [INFO ] GET /api/summary/2026-04-09 304 35ms pid=eugene_1774743355860
2026-04-22T00:36:15.264Z [INFO ] GET /api/summary/2026-04-10 304 56ms pid=eugene_1774743355860
2026-04-22T00:36:15.282Z [INFO ] GET /api/summary/2026-04-11 304 38ms pid=eugene_1774743355860
2026-04-22T00:36:15.304Z [INFO ] GET /api/summary/2026-04-12 304 60ms pid=eugene_1774743355860
2026-04-22T00:36:15.325Z [INFO ] GET /api/summary/2026-04-13 304 42ms pid=eugene_1774743355860
2026-04-22T00:36:15.346Z [INFO ] GET /api/summary/2026-04-14 304 63ms pid=eugene_1774743355860
2026-04-22T00:36:15.365Z [INFO ] GET /api/summary/2026-04-15 304 39ms pid=eugene_1774743355860
2026-04-22T00:36:15.387Z [INFO ] GET /api/summary/2026-04-16 304 61ms pid=eugene_1774743355860
2026-04-22T00:36:15.404Z [INFO ] GET /api/summary/2026-04-17 304 37ms pid=eugene_1774743355860
2026-04-22T00:36:15.423Z [INFO ] GET /api/summary/2026-04-18 304 56ms pid=eugene_1774743355860
2026-04-22T00:36:15.445Z [INFO ] GET /api/summary/2026-04-19 304 21ms pid=eugene_1774743355860
2026-04-22T00:36:15.467Z [INFO ] GET /api/summary/2026-04-20 304 42ms pid=eugene_1774743355860
2026-04-22T00:36:15.484Z [INFO ] GET /api/summary/2026-04-21 304 38ms pid=eugene_1774743355860
2026-04-22T00:36:15.484Z [INFO ] GET /api/supplog/2026-03-28/totals 304 38ms pid=eugene_1774743355860
2026-04-22T00:36:15.485Z [INFO ] GET /api/supplog/2026-03-29/totals 304 39ms pid=eugene_1774743355860
2026-04-22T00:36:15.486Z [INFO ] GET /api/supplog/2026-03-30/totals 304 1ms pid=eugene_1774743355860
2026-04-22T00:36:15.486Z [INFO ] GET /api/supplog/2026-03-31/totals 304 1ms pid=eugene_1774743355860
2026-04-22T00:36:15.486Z [INFO ] GET /api/supplog/2026-04-02/totals 304 0ms pid=eugene_1774743355860
2026-04-22T00:36:15.501Z [INFO ] GET /api/supplog/2026-04-03/totals 304 0ms pid=eugene_1774743355860
2026-04-22T00:36:15.501Z [INFO ] GET /api/supplog/2026-04-04/totals 304 0ms pid=eugene_1774743355860
2026-04-22T00:36:15.507Z [INFO ] GET /api/supplog/2026-04-05/totals 304 0ms pid=eugene_1774743355860
2026-04-22T00:36:15.507Z [INFO ] GET /api/supplog/2026-04-06/totals 304 0ms pid=eugene_1774743355860
2026-04-22T00:36:15.508Z [INFO ] GET /api/supplog/2026-04-07/totals 304 1ms pid=eugene_1774743355860
2026-04-22T00:36:15.508Z [INFO ] GET /api/supplog/2026-04-08/totals 304 1ms pid=eugene_1774743355860
2026-04-22T00:36:15.513Z [INFO ] GET /api/supplog/2026-04-09/totals 304 0ms pid=eugene_1774743355860
2026-04-22T00:36:15.513Z [INFO ] GET /api/supplog/2026-04-10/totals 304 0ms pid=eugene_1774743355860
2026-04-22T00:36:15.524Z [INFO ] GET /api/supplog/2026-04-11/totals 304 0ms pid=eugene_1774743355860
2026-04-22T00:36:15.524Z [INFO ] GET /api/supplog/2026-04-12/totals 304 0ms pid=eugene_1774743355860
2026-04-22T00:36:15.524Z [INFO ] GET /api/supplog/2026-04-13/totals 304 0ms pid=eugene_1774743355860
2026-04-22T00:36:15.524Z [INFO ] GET /api/supplog/2026-04-14/totals 304 0ms pid=eugene_1774743355860
2026-04-22T00:36:15.530Z [INFO ] GET /api/supplog/2026-04-15/totals 304 0ms pid=eugene_1774743355860
2026-04-22T00:36:15.530Z [INFO ] GET /api/supplog/2026-04-16/totals 304 0ms pid=eugene_1774743355860
2026-04-22T00:36:15.541Z [INFO ] GET /api/supplog/2026-04-17/totals 304 0ms pid=eugene_1774743355860
2026-04-22T00:36:15.542Z [INFO ] GET /api/supplog/2026-04-18/totals 304 1ms pid=eugene_1774743355860
2026-04-22T00:36:15.542Z [INFO ] GET /api/supplog/2026-04-19/totals 304 1ms pid=eugene_1774743355860
2026-04-22T00:36:15.542Z [INFO ] GET /api/supplog/2026-04-20/totals 304 1ms pid=eugene_1774743355860
2026-04-22T00:36:15.547Z [INFO ] GET /api/supplog/2026-04-21/totals 304 0ms pid=eugene_1774743355860
2026-04-22T00:36:16.641Z [INFO ] GET /api/dates 304 1ms pid=eugene_1774743355860
2026-04-22T00:36:16.738Z [INFO ] GET /api/summary/2026-03-28 304 49ms pid=eugene_1774743355860
2026-04-22T00:36:16.765Z [INFO ] GET /api/summary/2026-03-29 304 75ms pid=eugene_1774743355860
2026-04-22T00:36:16.788Z [INFO ] GET /api/summary/2026-03-30 304 98ms pid=eugene_1774743355860
2026-04-22T00:36:16.820Z [INFO ] GET /api/summary/2026-03-31 304 130ms pid=eugene_1774743355860
2026-04-22T00:36:16.844Z [INFO ] GET /api/summary/2026-04-02 304 153ms pid=eugene_1774743355860
2026-04-22T00:36:16.868Z [INFO ] GET /api/summary/2026-04-03 304 177ms pid=eugene_1774743355860
2026-04-22T00:36:16.891Z [INFO ] GET /api/summary/2026-04-04 304 23ms pid=eugene_1774743355860
2026-04-22T00:36:16.916Z [INFO ] GET /api/summary/2026-04-05 304 47ms pid=eugene_1774743355860
2026-04-22T00:36:16.940Z [INFO ] GET /api/summary/2026-04-06 304 71ms pid=eugene_1774743355860
2026-04-22T00:36:16.961Z [INFO ] GET /api/summary/2026-04-07 304 92ms pid=eugene_1774743355860
2026-04-22T00:36:16.986Z [INFO ] GET /api/summary/2026-04-08 304 117ms pid=eugene_1774743355860
2026-04-22T00:36:17.011Z [INFO ] GET /api/summary/2026-04-09 304 24ms pid=eugene_1774743355860
2026-04-22T00:36:17.035Z [INFO ] GET /api/summary/2026-04-10 304 48ms pid=eugene_1774743355860
2026-04-22T00:36:17.059Z [INFO ] GET /api/summary/2026-04-11 304 72ms pid=eugene_1774743355860
2026-04-22T00:36:17.085Z [INFO ] GET /api/summary/2026-04-12 304 98ms pid=eugene_1774743355860
2026-04-22T00:36:17.109Z [INFO ] GET /api/summary/2026-04-13 304 122ms pid=eugene_1774743355860
2026-04-22T00:36:17.132Z [INFO ] GET /api/summary/2026-04-14 304 23ms pid=eugene_1774743355860
2026-04-22T00:36:17.156Z [INFO ] GET /api/summary/2026-04-15 304 47ms pid=eugene_1774743355860
2026-04-22T00:36:17.182Z [INFO ] GET /api/summary/2026-04-16 304 73ms pid=eugene_1774743355860
2026-04-22T00:36:17.207Z [INFO ] GET /api/summary/2026-04-17 304 97ms pid=eugene_1774743355860
2026-04-22T00:36:17.230Z [INFO ] GET /api/summary/2026-04-18 304 120ms pid=eugene_1774743355860
2026-04-22T00:36:17.254Z [INFO ] GET /api/summary/2026-04-19 304 23ms pid=eugene_1774743355860
2026-04-22T00:36:17.274Z [INFO ] GET /api/summary/2026-04-20 304 43ms pid=eugene_1774743355860
2026-04-22T00:36:17.294Z [INFO ] GET /api/summary/2026-04-21 304 63ms pid=eugene_1774743355860
2026-04-22T00:36:17.295Z [INFO ] GET /api/supplog/2026-03-28/totals 304 64ms pid=eugene_1774743355860
2026-04-22T00:36:17.295Z [INFO ] GET /api/supplog/2026-03-29/totals 304 0ms pid=eugene_1774743355860
2026-04-22T00:36:17.296Z [INFO ] GET /api/supplog/2026-03-30/totals 304 1ms pid=eugene_1774743355860
2026-04-22T00:36:17.296Z [INFO ] GET /api/supplog/2026-03-31/totals 304 0ms pid=eugene_1774743355860
2026-04-22T00:36:17.296Z [INFO ] GET /api/supplog/2026-04-02/totals 304 0ms pid=eugene_1774743355860
2026-04-22T00:36:17.318Z [INFO ] GET /api/supplog/2026-04-03/totals 304 0ms pid=eugene_1774743355860
2026-04-22T00:36:17.318Z [INFO ] GET /api/supplog/2026-04-04/totals 304 0ms pid=eugene_1774743355860
2026-04-22T00:36:17.321Z [INFO ] GET /api/supplog/2026-04-05/totals 304 0ms pid=eugene_1774743355860
2026-04-22T00:36:17.321Z [INFO ] GET /api/supplog/2026-04-06/totals 304 0ms pid=eugene_1774743355860
2026-04-22T00:36:17.322Z [INFO ] GET /api/supplog/2026-04-07/totals 304 1ms pid=eugene_1774743355860
2026-04-22T00:36:17.322Z [INFO ] GET /api/supplog/2026-04-08/totals 304 1ms pid=eugene_1774743355860
2026-04-22T00:36:17.329Z [INFO ] GET /api/supplog/2026-04-09/totals 304 1ms pid=eugene_1774743355860
2026-04-22T00:36:17.329Z [INFO ] GET /api/supplog/2026-04-10/totals 304 1ms pid=eugene_1774743355860
2026-04-22T00:36:17.336Z [INFO ] GET /api/supplog/2026-04-11/totals 304 1ms pid=eugene_1774743355860
2026-04-22T00:36:17.336Z [INFO ] GET /api/supplog/2026-04-12/totals 304 1ms pid=eugene_1774743355860
2026-04-22T00:36:17.336Z [INFO ] GET /api/supplog/2026-04-13/totals 304 0ms pid=eugene_1774743355860
2026-04-22T00:36:17.336Z [INFO ] GET /api/supplog/2026-04-14/totals 304 0ms pid=eugene_1774743355860
2026-04-22T00:36:17.338Z [INFO ] GET /api/supplog/2026-04-15/totals 304 0ms pid=eugene_1774743355860
2026-04-22T00:36:17.338Z [INFO ] GET /api/supplog/2026-04-16/totals 304 0ms pid=eugene_1774743355860
2026-04-22T00:36:17.352Z [INFO ] GET /api/supplog/2026-04-17/totals 304 1ms pid=eugene_1774743355860
2026-04-22T00:36:17.352Z [INFO ] GET /api/supplog/2026-04-18/totals 304 1ms pid=eugene_1774743355860
2026-04-22T00:36:17.352Z [INFO ] GET /api/supplog/2026-04-19/totals 304 1ms pid=eugene_1774743355860
2026-04-22T00:36:17.352Z [INFO ] GET /api/supplog/2026-04-20/totals 304 1ms pid=eugene_1774743355860
2026-04-22T00:36:17.353Z [INFO ] GET /api/supplog/2026-04-21/totals 304 1ms pid=eugene_1774743355860
